<?xml version="1.0" encoding="UTF-8"?>
<!-- Generated by org.testng.reporters.JUnitXMLReporter -->
<testsuite ignored="0" hostname="DESKTOP-5A2TKGA" failures="0" tests="20" name="Run on Firefox" time="102.995" errors="0" timestamp="14 May 2023 18:31:51 GMT">
  <testcase classname="com.nopcommerce.user.Feature_01_Register" name="Register_01_Empty_Data" time="1.919"/>
  <testcase classname="com.nopcommerce.user.Feature_01_Register" name="Register_02_Invalid_Email" time="1.702"/>
  <testcase classname="com.nopcommerce.user.Feature_01_Register" name="Register_03_Success" time="1.976"/>
  <testcase classname="com.nopcommerce.user.Feature_01_Register" name="Register_04_Existing_Email" time="1.82"/>
  <testcase classname="com.nopcommerce.user.Feature_01_Register" name="Register_05_Password_Less_Than_6_Charts" time="1.506"/>
  <testcase classname="com.nopcommerce.user.Feature_01_Register" name="Register_06_Invalid_Confirm_Password" time="1.917"/>
  <testcase classname="com.nopcommerce.user.Feature_03_My_Account" name="My_Account_01_Customer_Info" time="6.254"/>
  <testcase classname="com.nopcommerce.user.Feature_03_My_Account" name="My_Account_02_Address" time="7.797"/>
  <testcase classname="com.nopcommerce.user.Feature_02_Login" name="Login_01_Empty_Data" time="0.924"/>
  <testcase classname="com.nopcommerce.user.Feature_02_Login" name="Login_02_Invalid_Email" time="1.356"/>
  <testcase classname="com.nopcommerce.user.Feature_02_Login" name="Login_03_Login_With_Unregistered_Email" time="1.273"/>
  <testcase classname="com.nopcommerce.user.Feature_02_Login" name="Login_04_Login_With_Existing_Email_And_Not_Input_To_Password" time="1.169"/>
  <testcase classname="com.nopcommerce.user.Feature_02_Login" name="Login_05_Login_With_Existing_Email_And_Incorrect_Password" time="1.433"/>
  <testcase classname="com.nopcommerce.user.Feature_02_Login" name="Login_06_Login_Success" time="3.66"/>
  <testcase classname="com.nopcommerce.user.Feature_04_Search" name="Search_01_Search_With_Empty_Data" time="0.648"/>
  <testcase classname="com.nopcommerce.user.Feature_04_Search" name="Search_02_Search_With_Data_That_Does_Not_Exist" time="0.764"/>
  <testcase classname="com.nopcommerce.user.Feature_04_Search" name="Search_03_Search_With_Relative_Name" time="0.798"/>
  <testcase classname="com.nopcommerce.user.Feature_04_Search" name="Search_04_Search_With_Absolute_Name" time="0.808"/>
  <testcase classname="com.nopcommerce.user.Feature_04_Search" name="Search_05_Search_Advance_With_Parent_Categories" time="1.38"/>
  <testcase classname="com.nopcommerce.user.Feature_04_Search" name="Search_06_Search_Advance_With_Sub_Categories" time="1.191"/>
</testsuite> <!-- Run on Firefox -->
