<?xml version="1.0" encoding="UTF-8"?>
<testsuite name="Run on Firefox"
           tests="6"
           failures="0"
           errors="0"
           skipped="0"
           time="9.815">
  <properties />
  
  
            <testcase name="Login_04_Login_With_Existing_Email_And_Not_Input_To_Password" time="1.169" classname="com.nopcommerce.user.Feature_02_Login" />
                <testcase name="Login_03_Login_With_Unregistered_Email" time="1.273" classname="com.nopcommerce.user.Feature_02_Login" />
                <testcase name="Login_06_Login_Success" time="3.660" classname="com.nopcommerce.user.Feature_02_Login" />
                <testcase name="Login_05_Login_With_Existing_Email_And_Incorrect_Password" time="1.433" classname="com.nopcommerce.user.Feature_02_Login" />
                <testcase name="Login_01_Empty_Data" time="0.924" classname="com.nopcommerce.user.Feature_02_Login" />
                <testcase name="Login_02_Invalid_Email" time="1.356" classname="com.nopcommerce.user.Feature_02_Login" />
      
</testsuite>
