<?xml version="1.0" encoding="UTF-8"?>
<testsuite name="Run on Firefox"
           tests="6"
           failures="0"
           errors="0"
           skipped="0"
           time="10.840">
  <properties />
  
  
            <testcase name="Register_01_Empty_Data" time="1.919" classname="com.nopcommerce.user.Feature_01_Register" />
                <testcase name="Register_03_Success" time="1.976" classname="com.nopcommerce.user.Feature_01_Register" />
                <testcase name="Register_06_Invalid_Confirm_Password" time="1.917" classname="com.nopcommerce.user.Feature_01_Register" />
                <testcase name="Register_02_Invalid_Email" time="1.702" classname="com.nopcommerce.user.Feature_01_Register" />
                <testcase name="Register_04_Existing_Email" time="1.820" classname="com.nopcommerce.user.Feature_01_Register" />
                <testcase name="Register_05_Password_Less_Than_6_Charts" time="1.506" classname="com.nopcommerce.user.Feature_01_Register" />
      
</testsuite>
